<?xml version="1.0" encoding="UTF-8"?>
<!-- Generated by org.testng.reporters.JUnitReportReporter -->
<testsuite hostname="THORPC" name="qa.tests.MyTest" tests="11" failures="0" timestamp="8 Jul 2014 17:55:56 GMT" time="0.008" errors="0">
  <testcase name="testSample2" time="0.000" classname="qa.tests.MyTest"/>
  <testcase name="testSample2" time="0.001" classname="qa.tests.MyTest"/>
  <testcase name="testSample1" time="0.005" classname="qa.tests.MyTest"/>
  <testcase name="testSample1" time="0.000" classname="qa.tests.MyTest"/>
  <testcase name="testSample3" time="0.000" classname="qa.tests.MyTest"/>
  <testcase name="testSample2" time="0.001" classname="qa.tests.MyTest"/>
  <testcase name="testSample1" time="0.000" classname="qa.tests.MyTest"/>
  <testcase name="testSample1" time="0.000" classname="qa.tests.MyTest"/>
  <testcase name="testSample2" time="0.000" classname="qa.tests.MyTest"/>
  <testcase name="testSample1" time="0.000" classname="qa.tests.MyTest"/>
  <testcase name="testSample2" time="0.001" classname="qa.tests.MyTest"/>
</testsuite> <!-- qa.tests.MyTest -->
